0 info it worked if it ends with ok
1 verbose cli [ 'C:\\Program Files\\nodejs\\node.exe',
1 verbose cli   'C:\\Program Files\\nodejs\\node_modules\\npm\\bin\\npm-cli.js',
1 verbose cli   'install',
1 verbose cli   'convict' ]
2 info using npm@3.10.10
3 info using node@v6.11.1
4 silly loadCurrentTree Starting
5 silly install loadCurrentTree
6 silly install readLocalPackageData
7 silly fetchPackageMetaData convict
8 silly fetchNamedPackageData convict
9 silly mapToRegistry name convict
10 silly mapToRegistry using default registry
11 silly mapToRegistry registry https://registry.npmjs.org/
12 silly mapToRegistry data Result {
12 silly mapToRegistry   raw: 'convict',
12 silly mapToRegistry   scope: null,
12 silly mapToRegistry   escapedName: 'convict',
12 silly mapToRegistry   name: 'convict',
12 silly mapToRegistry   rawSpec: '',
12 silly mapToRegistry   spec: 'latest',
12 silly mapToRegistry   type: 'tag' }
13 silly mapToRegistry uri https://registry.npmjs.org/convict
14 verbose request uri https://registry.npmjs.org/convict
15 verbose request no auth needed
16 info attempt registry request try #1 at 6:23:58 PM
17 verbose request id 4c127cdd97905f32
18 verbose etag W/"59706206-15694"
19 verbose lastModified Thu, 20 Jul 2017 07:55:50 GMT
20 http request GET https://registry.npmjs.org/convict
21 info retry will retry, error on last attempt: Error: read ECONNRESET
22 info attempt registry request try #2 at 6:24:08 PM
23 verbose etag W/"59706206-15694"
24 verbose lastModified Thu, 20 Jul 2017 07:55:50 GMT
25 http request GET https://registry.npmjs.org/convict
26 info retry will retry, error on last attempt: Error: read ECONNRESET
27 info attempt registry request try #3 at 6:25:08 PM
28 verbose etag W/"59706206-15694"
29 verbose lastModified Thu, 20 Jul 2017 07:55:50 GMT
30 http request GET https://registry.npmjs.org/convict
31 silly get cb [ 304, undefined ]
32 verbose etag https://registry.npmjs.org/convict from cache
33 verbose get saving convict to C:\Users\nsuresh\AppData\Roaming\npm-cache\registry.npmjs.org\convict\.cache.json
34 verbose correctMkdir C:\Users\nsuresh\AppData\Roaming\npm-cache correctMkdir not in flight; initializing
35 silly install normalizeTree
36 silly loadCurrentTree Finishing
37 silly loadIdealTree Starting
38 silly install loadIdealTree
39 silly cloneCurrentTree Starting
40 silly install cloneCurrentTreeToIdealTree
41 silly cloneCurrentTree Finishing
42 silly loadShrinkwrap Starting
43 silly install loadShrinkwrap
44 silly loadShrinkwrap Finishing
45 silly loadAllDepsIntoIdealTree Starting
46 silly install loadAllDepsIntoIdealTree
47 silly resolveWithNewModule convict@4.0.0 checking installable status
48 silly cache add args [ 'convict', null ]
49 verbose cache add spec convict
50 silly cache add parsed spec Result {
50 silly cache add   raw: 'convict',
50 silly cache add   scope: null,
50 silly cache add   escapedName: 'convict',
50 silly cache add   name: 'convict',
50 silly cache add   rawSpec: '',
50 silly cache add   spec: 'latest',
50 silly cache add   type: 'tag' }
51 silly addNamed convict@latest
52 verbose addNamed "latest" is being treated as a dist-tag for convict
53 info addNameTag [ 'convict', 'latest' ]
54 silly mapToRegistry name convict
55 silly mapToRegistry using default registry
56 silly mapToRegistry registry https://registry.npmjs.org/
57 silly mapToRegistry data Result {
57 silly mapToRegistry   raw: 'convict',
57 silly mapToRegistry   scope: null,
57 silly mapToRegistry   escapedName: 'convict',
57 silly mapToRegistry   name: 'convict',
57 silly mapToRegistry   rawSpec: '',
57 silly mapToRegistry   spec: 'latest',
57 silly mapToRegistry   type: 'tag' }
58 silly mapToRegistry uri https://registry.npmjs.org/convict
59 verbose addNameTag registry:https://registry.npmjs.org/convict not in flight; fetching
60 verbose get https://registry.npmjs.org/convict not expired, no request
61 silly addNameTag next cb for convict with tag latest
62 silly addNamed convict@4.0.0
63 verbose addNamed "4.0.0" is a plain semver version for convict
64 silly mapToRegistry name convict
65 silly mapToRegistry using default registry
66 silly mapToRegistry registry https://registry.npmjs.org/
67 silly mapToRegistry data Result {
67 silly mapToRegistry   raw: 'convict',
67 silly mapToRegistry   scope: null,
67 silly mapToRegistry   escapedName: 'convict',
67 silly mapToRegistry   name: 'convict',
67 silly mapToRegistry   rawSpec: '',
67 silly mapToRegistry   spec: 'latest',
67 silly mapToRegistry   type: 'tag' }
68 silly mapToRegistry uri https://registry.npmjs.org/convict
69 verbose addRemoteTarball https://registry.npmjs.org/convict/-/convict-4.0.0.tgz not in flight; adding
70 verbose addRemoteTarball [ 'https://registry.npmjs.org/convict/-/convict-4.0.0.tgz',
70 verbose addRemoteTarball   '73507fd0b7370d103bd0d08504dbb6a24f2fc09f' ]
71 info retry fetch attempt 1 at 6:25:08 PM
72 info attempt registry request try #1 at 6:25:08 PM
73 http fetch GET https://registry.npmjs.org/convict/-/convict-4.0.0.tgz
74 info retry will retry, error on last attempt: Error: read ECONNRESET
75 info attempt registry request try #2 at 6:25:18 PM
76 http fetch GET https://registry.npmjs.org/convict/-/convict-4.0.0.tgz
77 info retry will retry, error on last attempt: Error: read ECONNRESET
78 info attempt registry request try #3 at 6:26:18 PM
79 http fetch GET https://registry.npmjs.org/convict/-/convict-4.0.0.tgz
80 error fetch failed https://registry.npmjs.org/convict/-/convict-4.0.0.tgz
81 warn retry will retry, error on last attempt: Error: read ECONNRESET
82 info retry fetch attempt 2 at 6:26:29 PM
83 info attempt registry request try #1 at 6:26:29 PM
84 http fetch GET https://registry.npmjs.org/convict/-/convict-4.0.0.tgz
85 info retry will retry, error on last attempt: Error: read ECONNRESET
86 info attempt registry request try #2 at 6:26:39 PM
87 http fetch GET https://registry.npmjs.org/convict/-/convict-4.0.0.tgz
88 info retry will retry, error on last attempt: Error: read ECONNRESET
89 info attempt registry request try #3 at 6:27:39 PM
90 http fetch GET https://registry.npmjs.org/convict/-/convict-4.0.0.tgz
91 error fetch failed https://registry.npmjs.org/convict/-/convict-4.0.0.tgz
92 warn retry will retry, error on last attempt: Error: read ECONNRESET
93 info retry fetch attempt 3 at 6:28:39 PM
94 info attempt registry request try #1 at 6:28:39 PM
95 http fetch GET https://registry.npmjs.org/convict/-/convict-4.0.0.tgz
96 info retry will retry, error on last attempt: Error: read ECONNRESET
97 info attempt registry request try #2 at 6:28:49 PM
98 http fetch GET https://registry.npmjs.org/convict/-/convict-4.0.0.tgz
99 info retry will retry, error on last attempt: Error: read ECONNRESET
100 info attempt registry request try #3 at 6:29:49 PM
101 http fetch GET https://registry.npmjs.org/convict/-/convict-4.0.0.tgz
102 error fetch failed https://registry.npmjs.org/convict/-/convict-4.0.0.tgz
103 silly rollbackFailedOptional Starting
104 silly rollbackFailedOptional Finishing
105 silly runTopLevelLifecycles Finishing
106 silly install printInstalled
107 verbose stack Error: read ECONNRESET
107 verbose stack     at exports._errnoException (util.js:1018:11)
107 verbose stack     at TLSWrap.onread (net.js:568:26)
108 verbose cwd C:\NSURESHKUMAR\find-a-doctor-svn\03.Coding\trunk\update-script
109 error Windows_NT 6.1.7601
110 error argv "C:\\Program Files\\nodejs\\node.exe" "C:\\Program Files\\nodejs\\node_modules\\npm\\bin\\npm-cli.js" "install" "convict"
111 error node v6.11.1
112 error npm  v3.10.10
113 error code ECONNRESET
114 error errno ECONNRESET
115 error syscall read
116 error network read ECONNRESET
117 error network This is most likely not a problem with npm itself
117 error network and is related to network connectivity.
117 error network In most cases you are behind a proxy or have bad network settings.
117 error network
117 error network If you are behind a proxy, please make sure that the
117 error network 'proxy' config is set properly.  See: 'npm help config'
118 verbose exit [ 1, true ]
